[debug] [2023-10-11T04:11:49.342Z] ----------------------------------------------------------------------
[debug] [2023-10-11T04:11:49.343Z] Command:       C:\Program Files\nodejs\node.exe C:\Users\izacp\AppData\Roaming\npm\node_modules\firebase-tools\lib\bin\firebase.js init
[debug] [2023-10-11T04:11:49.344Z] CLI Version:   12.6.2
[debug] [2023-10-11T04:11:49.344Z] Platform:      win32
[debug] [2023-10-11T04:11:49.344Z] Node Version:  v16.15.0
[debug] [2023-10-11T04:11:49.345Z] Time:          Tue Oct 10 2023 22:11:49 GMT-0600 (Mountain Daylight Time)
[debug] [2023-10-11T04:11:49.345Z] ----------------------------------------------------------------------
[debug] 
[debug] [2023-10-11T04:11:49.348Z] >>> [apiv2][query] GET https://firebase-public.firebaseio.com/cli.json [none]
[debug] [2023-10-11T04:11:49.365Z] > command requires scopes: ["email","openid","https://www.googleapis.com/auth/cloudplatformprojects.readonly","https://www.googleapis.com/auth/firebase","https://www.googleapis.com/auth/cloud-platform"]
[debug] [2023-10-11T04:11:49.365Z] > authorizing via signed-in user (izacpeterson@gmail.com)
[info] 
     ######## #### ########  ######## ########     ###     ######  ########
     ##        ##  ##     ## ##       ##     ##  ##   ##  ##       ##
     ######    ##  ########  ######   ########  #########  ######  ######
     ##        ##  ##    ##  ##       ##     ## ##     ##       ## ##
     ##       #### ##     ## ######## ########  ##     ##  ######  ########

You're about to initialize a Firebase project in this directory:

  C:\Users\izacp\Desktop\dev\weatheraivoice

[debug] [2023-10-11T04:11:49.688Z] <<< [apiv2][status] GET https://firebase-public.firebaseio.com/cli.json 200
[debug] [2023-10-11T04:11:49.689Z] <<< [apiv2][body] GET https://firebase-public.firebaseio.com/cli.json {"cloudBuildErrorAfter":1594252800000,"cloudBuildWarnAfter":1590019200000,"defaultNode10After":1594252800000,"minVersion":"3.0.5","node8DeploysDisabledAfter":1613390400000,"node8RuntimeDisabledAfter":1615809600000,"node8WarnAfter":1600128000000}
